%!Adobe-FontList 1.20
%Locale:0x407

%BeginFont
Handler:DirectoryHandler
FontType:Type1
FontName:FuturaStd-Medium
FamilyName:Futura Std
StyleName:Medium
FullName:Futura Std Medium
MenuName:Futura Std Medium
StyleBits:0
WritingScript:Roman
OutlineFileName:C:\Users\marie\Documents\Wavect\02_Corporate-Identity\10_Sticker\Sticker_Wavect Ordner\Document fonts\FuturaStd-Medium.otf
DataFormat:sfntData
UsesStandardEncoding:yes
isCFF:yes
hasSVG:no
VariableFontType:NonVariableFont
FileLength:26892
FileModTime:1187741592
WeightClass:500
WidthClass:5
AngleClass:0
DesignSize:120
NameArray:0,Mac,4,Futura Std Medium
NameArray:0,Win,1,Futura Std Medium
NameArray:0,Win,16,Futura Std
%EndFont

